2025-08-13 15:39:04.409 [http-nio-8082-exec-8] ERROR c.L.L.s.i.BookServiceImplementation - Failed to get authors for ISBN: 0600563111
java.io.IOException: EOF reached while reading
	at java.net.http/jdk.internal.net.http.HttpClientImpl.send(HttpClientImpl.java:591)
	at java.net.http/jdk.internal.net.http.HttpClientFacade.send(HttpClientFacade.java:123)
	at com.LMS.LMS.client.OpenLibraryClient.getBookDetailsByISBN(OpenLibraryClient.java:22)
	at com.LMS.LMS.services.implementation.BookServiceImplementation.getAuthorsName(BookServiceImplementation.java:190)
	at com.LMS.LMS.services.implementation.BookServiceImplementation.createBook(BookServiceImplementation.java:43)
	at com.LMS.LMS.controllers.BookController.createBook(BookController.java:40)
	at java.base/jdk.internal.reflect.NativeMethodAccessorImpl.invoke0(Native Method)
	at java.base/jdk.internal.reflect.NativeMethodAccessorImpl.invoke(NativeMethodAccessorImpl.java:77)
	at java.base/jdk.internal.reflect.DelegatingMethodAccessorImpl.invoke(DelegatingMethodAccessorImpl.java:43)
	at java.base/java.lang.reflect.Method.invoke(Method.java:569)
	at org.springframework.web.method.support.InvocableHandlerMethod.doInvoke(InvocableHandlerMethod.java:255)
	at org.springframework.web.method.support.InvocableHandlerMethod.invokeForRequest(InvocableHandlerMethod.java:188)
	at org.springframework.web.servlet.mvc.method.annotation.ServletInvocableHandlerMethod.invokeAndHandle(ServletInvocableHandlerMethod.java:118)
	at org.springframework.web.servlet.mvc.method.annotation.RequestMappingHandlerAdapter.invokeHandlerMethod(RequestMappingHandlerAdapter.java:926)
	at org.springframework.web.servlet.mvc.method.annotation.RequestMappingHandlerAdapter.handleInternal(RequestMappingHandlerAdapter.java:831)
	at org.springframework.web.servlet.mvc.method.AbstractHandlerMethodAdapter.handle(AbstractHandlerMethodAdapter.java:87)
	at org.springframework.web.servlet.DispatcherServlet.doDispatch(DispatcherServlet.java:1089)
	at org.springframework.web.servlet.DispatcherServlet.doService(DispatcherServlet.java:979)
	at org.springframework.web.servlet.FrameworkServlet.processRequest(FrameworkServlet.java:1014)
	at org.springframework.web.servlet.FrameworkServlet.doPost(FrameworkServlet.java:914)
	at jakarta.servlet.http.HttpServlet.service(HttpServlet.java:590)
	at org.springframework.web.servlet.FrameworkServlet.service(FrameworkServlet.java:885)
	at jakarta.servlet.http.HttpServlet.service(HttpServlet.java:658)
	at org.apache.catalina.core.ApplicationFilterChain.internalDoFilter(ApplicationFilterChain.java:195)
	at org.apache.catalina.core.ApplicationFilterChain.doFilter(ApplicationFilterChain.java:140)
	at org.apache.tomcat.websocket.server.WsFilter.doFilter(WsFilter.java:51)
	at org.apache.catalina.core.ApplicationFilterChain.internalDoFilter(ApplicationFilterChain.java:164)
	at org.apache.catalina.core.ApplicationFilterChain.doFilter(ApplicationFilterChain.java:140)
	at org.springframework.web.filter.RequestContextFilter.doFilterInternal(RequestContextFilter.java:100)
	at org.springframework.web.filter.OncePerRequestFilter.doFilter(OncePerRequestFilter.java:116)
	at org.apache.catalina.core.ApplicationFilterChain.internalDoFilter(ApplicationFilterChain.java:164)
	at org.apache.catalina.core.ApplicationFilterChain.doFilter(ApplicationFilterChain.java:140)
	at org.springframework.web.filter.FormContentFilter.doFilterInternal(FormContentFilter.java:93)
	at org.springframework.web.filter.OncePerRequestFilter.doFilter(OncePerRequestFilter.java:116)
	at org.apache.catalina.core.ApplicationFilterChain.internalDoFilter(ApplicationFilterChain.java:164)
	at org.apache.catalina.core.ApplicationFilterChain.doFilter(ApplicationFilterChain.java:140)
	at org.springframework.web.filter.CharacterEncodingFilter.doFilterInternal(CharacterEncodingFilter.java:201)
	at org.springframework.web.filter.OncePerRequestFilter.doFilter(OncePerRequestFilter.java:116)
	at org.apache.catalina.core.ApplicationFilterChain.internalDoFilter(ApplicationFilterChain.java:164)
	at org.apache.catalina.core.ApplicationFilterChain.doFilter(ApplicationFilterChain.java:140)
	at org.apache.catalina.core.StandardWrapperValve.invoke(StandardWrapperValve.java:167)
	at org.apache.catalina.core.StandardContextValve.invoke(StandardContextValve.java:90)
	at org.apache.catalina.authenticator.AuthenticatorBase.invoke(AuthenticatorBase.java:482)
	at org.apache.catalina.core.StandardHostValve.invoke(StandardHostValve.java:115)
	at org.apache.catalina.valves.ErrorReportValve.invoke(ErrorReportValve.java:93)
	at org.apache.catalina.core.StandardEngineValve.invoke(StandardEngineValve.java:74)
	at org.apache.catalina.connector.CoyoteAdapter.service(CoyoteAdapter.java:344)
	at org.apache.coyote.http11.Http11Processor.service(Http11Processor.java:389)
	at org.apache.coyote.AbstractProcessorLight.process(AbstractProcessorLight.java:63)
	at org.apache.coyote.AbstractProtocol$ConnectionHandler.process(AbstractProtocol.java:896)
	at org.apache.tomcat.util.net.NioEndpoint$SocketProcessor.doRun(NioEndpoint.java:1741)
	at org.apache.tomcat.util.net.SocketProcessorBase.run(SocketProcessorBase.java:52)
	at org.apache.tomcat.util.threads.ThreadPoolExecutor.runWorker(ThreadPoolExecutor.java:1190)
	at org.apache.tomcat.util.threads.ThreadPoolExecutor$Worker.run(ThreadPoolExecutor.java:659)
	at org.apache.tomcat.util.threads.TaskThread$WrappingRunnable.run(TaskThread.java:63)
	at java.base/java.lang.Thread.run(Thread.java:840)
Caused by: java.io.EOFException: EOF reached while reading
	at java.net.http/jdk.internal.net.http.Http2Connection$Http2TubeSubscriber.onComplete(Http2Connection.java:1598)
	at java.net.http/jdk.internal.net.http.common.SSLTube$DelegateWrapper.onComplete(SSLTube.java:276)
	at java.net.http/jdk.internal.net.http.common.SSLTube$SSLSubscriberWrapper.complete(SSLTube.java:440)
	at java.net.http/jdk.internal.net.http.common.SSLTube$SSLSubscriberWrapper.onComplete(SSLTube.java:541)
	at java.net.http/jdk.internal.net.http.common.SubscriberWrapper.checkCompletion(SubscriberWrapper.java:472)
	at java.net.http/jdk.internal.net.http.common.SubscriberWrapper$DownstreamPusher.run1(SubscriberWrapper.java:334)
	at java.net.http/jdk.internal.net.http.common.SubscriberWrapper$DownstreamPusher.run(SubscriberWrapper.java:259)
	at java.net.http/jdk.internal.net.http.common.SequentialScheduler$LockingRestartableTask.run(SequentialScheduler.java:205)
	at java.net.http/jdk.internal.net.http.common.SequentialScheduler$CompleteRestartableTask.run(SequentialScheduler.java:149)
	at java.net.http/jdk.internal.net.http.common.SequentialScheduler$SchedulableTask.run(SequentialScheduler.java:230)
	at java.net.http/jdk.internal.net.http.common.SequentialScheduler.runOrSchedule(SequentialScheduler.java:303)
	at java.net.http/jdk.internal.net.http.common.SequentialScheduler.runOrSchedule(SequentialScheduler.java:256)
	at java.net.http/jdk.internal.net.http.common.SubscriberWrapper.outgoing(SubscriberWrapper.java:232)
	at java.net.http/jdk.internal.net.http.common.SSLFlowDelegate$Reader.processData(SSLFlowDelegate.java:527)
	at java.net.http/jdk.internal.net.http.common.SSLFlowDelegate$Reader$ReaderDownstreamPusher.run(SSLFlowDelegate.java:282)
	at java.net.http/jdk.internal.net.http.common.SequentialScheduler$LockingRestartableTask.run(SequentialScheduler.java:205)
	at java.net.http/jdk.internal.net.http.common.SequentialScheduler$CompleteRestartableTask.run(SequentialScheduler.java:149)
	at java.net.http/jdk.internal.net.http.common.SequentialScheduler$SchedulableTask.run(SequentialScheduler.java:230)
	at java.base/java.util.concurrent.ThreadPoolExecutor.runWorker(ThreadPoolExecutor.java:1136)
	at java.base/java.util.concurrent.ThreadPoolExecutor$Worker.run(ThreadPoolExecutor.java:635)
	... 1 common frames omitted
2025-08-13 15:39:04.426 [http-nio-8082-exec-8] WARN  c.L.L.s.i.BookServiceImplementation - No authors found for ISBN: 0600563111
2025-08-13 15:39:04.430 [http-nio-8082-exec-8] ERROR c.L.L.s.i.BookServiceImplementation - Author not found for book with ISBN: 0600563111
2025-08-13 15:39:28.964 [http-nio-8082-exec-9] INFO  c.L.L.s.i.BookServiceImplementation - Authors retrieved successfully for ISBN: 0600563111
2025-08-13 15:39:28.964 [http-nio-8082-exec-9] INFO  c.L.L.s.i.BookServiceImplementation - Creating author 'Orbis Publishing' for the book
2025-08-13 15:39:28.977 [http-nio-8082-exec-9] INFO  c.L.L.s.i.BookServiceImplementation - Book 'Title12222dfghjkl2Title12222dfghjkl2Title12222dfghjkl2Title12222dfghjkl2Title12222dfghjkl2Title12222dfghjkl2Title12222dfghjkl2Title12222dfghjkl2' created successfully
2025-08-14 11:55:55.350 [http-nio-8082-exec-6] INFO  c.L.L.s.i.BookServiceImplementation - Creating book with title: Title12222dfghjkl2Title12222dfghjkl2Title12222dfghjkl2Title12222dfghjkl2Title12222dfghjkl2Title12222dfghjkl2Title12222dfghjkl2Title12222dfghjkl2
2025-08-14 11:55:55.355 [http-nio-8082-exec-6] INFO  c.L.L.s.i.BookServiceImplementation - Getting authors for book with ISBN: 0600563111
2025-08-14 11:55:56.679 [http-nio-8082-exec-6] INFO  c.L.L.s.i.BookServiceImplementation - Authors retrieved successfully for ISBN: 0600563111
2025-08-14 11:55:56.680 [http-nio-8082-exec-6] INFO  c.L.L.s.i.BookServiceImplementation - Creating author 'Orbis Publishing' for the book
2025-08-14 11:55:56.828 [http-nio-8082-exec-6] INFO  c.L.L.s.i.BookServiceImplementation - Book 'Title12222dfghjkl2Title12222dfghjkl2Title12222dfghjkl2Title12222dfghjkl2Title12222dfghjkl2Title12222dfghjkl2Title12222dfghjkl2Title12222dfghjkl2' created successfully
2025-08-14 11:57:44.340 [http-nio-8082-exec-9] INFO  c.L.L.s.i.BookServiceImplementation - Creating book with title: Title12222dfghjkl2Title12222dfghjkl2Title12222dfghjkl2Title12222dfghjkl2Title12222dfghjkl2Title12222dfghjkl2Title12222dfghjkl2Title12222dfghjkl2
2025-08-14 11:57:44.341 [http-nio-8082-exec-9] INFO  c.L.L.s.i.BookServiceImplementation - Getting authors for book with ISBN: 9781406354065
2025-08-14 11:57:45.047 [http-nio-8082-exec-9] INFO  c.L.L.s.i.BookServiceImplementation - Authors retrieved successfully for ISBN: 9781406354065
2025-08-14 11:57:45.047 [http-nio-8082-exec-9] INFO  c.L.L.s.i.BookServiceImplementation - Creating author 'Walker Books' for the book
2025-08-14 11:57:45.067 [http-nio-8082-exec-9] INFO  c.L.L.s.i.BookServiceImplementation - Book 'Title12222dfghjkl2Title12222dfghjkl2Title12222dfghjkl2Title12222dfghjkl2Title12222dfghjkl2Title12222dfghjkl2Title12222dfghjkl2Title12222dfghjkl2' created successfully
